<?xml version="1.0" encoding="UTF-8"?>
<!-- Generated by org.testng.reporters.JUnitReportReporter -->
<testsuite skipped="0" hostname="Paras" name="com.csg.tau.TestProject.SeleniumJan.demoautomated" tests="1" failures="0" timestamp="27 Feb 2021 05:31:51 GMT" time="129.174" errors="0">
  <testcase name="homePage" time="129.174" classname="com.csg.tau.TestProject.SeleniumJan.demoautomated"/>
</testsuite> <!-- com.csg.tau.TestProject.SeleniumJan.demoautomated -->
