<?xml version="1.0" encoding="UTF-8"?>
<!-- Generated by org.testng.reporters.JUnitReportReporter -->
<testsuite skipped="0" hostname="Paras" name="com.csg.tau.TestProject.SeleniumJan.DemoAlerts" tests="1" failures="0" timestamp="28 Feb 2021 04:08:01 GMT" time="78.036" errors="0">
  <testcase name="homePage" time="78.036" classname="com.csg.tau.TestProject.SeleniumJan.DemoAlerts"/>
</testsuite> <!-- com.csg.tau.TestProject.SeleniumJan.DemoAlerts -->
