<?xml version="1.0" encoding="UTF-8"?>
<!-- Generated by org.testng.reporters.JUnitReportReporter -->
<testsuite hostname="Paras" name="com.csg.tau.TestProject.SeleniumJan.DemoAlerts" tests="1" failures="0" timestamp="28 Feb 2021 05:09:53 GMT" time="49.682" errors="0">
  <testcase name="homePage" time="49.682" classname="com.csg.tau.TestProject.SeleniumJan.DemoAlerts"/>
</testsuite> <!-- com.csg.tau.TestProject.SeleniumJan.DemoAlerts -->
