<?xml version="1.0" encoding="UTF-8"?>
<!-- Generated by org.testng.reporters.JUnitReportReporter -->
<testsuite hostname="Paras" name="com.csg.tau.TestProject.SeleniumJan.demoautomated" tests="1" failures="0" timestamp="28 Feb 2021 04:37:58 GMT" time="49.082" errors="0">
  <testcase name="homePage" time="49.082" classname="com.csg.tau.TestProject.SeleniumJan.demoautomated"/>
</testsuite> <!-- com.csg.tau.TestProject.SeleniumJan.demoautomated -->
