<?xml version="1.0" encoding="UTF-8"?>
<!-- Generated by org.testng.reporters.JUnitReportReporter -->
<testsuite skipped="0" hostname="Paras" name="com.csg.tau.TestProject.SeleniumJan.multipleMethods" tests="5" failures="0" timestamp="27 Feb 2021 06:03:41 GMT" time="0.054" errors="0">
  <testcase name="brett" time="0.039" classname="com.csg.tau.TestProject.SeleniumJan.multipleMethods"/>
  <testcase name="komal" time="0.003" classname="com.csg.tau.TestProject.SeleniumJan.multipleMethods"/>
  <testcase name="paras" time="0.006" classname="com.csg.tau.TestProject.SeleniumJan.multipleMethods"/>
  <testcase name="aditya" time="0.003" classname="com.csg.tau.TestProject.SeleniumJan.multipleMethods"/>
  <testcase name="pranav" time="0.003" classname="com.csg.tau.TestProject.SeleniumJan.multipleMethods"/>
</testsuite> <!-- com.csg.tau.TestProject.SeleniumJan.multipleMethods -->
