<?xml version="1.0" encoding="UTF-8"?>
<!-- Generated by org.testng.reporters.JUnitReportReporter -->
<testsuite skipped="0" hostname="Paras" name="com.csg.tau.TestProject.SeleniumJan.DemoNewTours" tests="1" failures="0" timestamp="27 Feb 2021 05:31:51 GMT" time="219.887" errors="0">
  <testcase name="homePage" time="219.887" classname="com.csg.tau.TestProject.SeleniumJan.DemoNewTours"/>
</testsuite> <!-- com.csg.tau.TestProject.SeleniumJan.DemoNewTours -->
