<?xml version="1.0" encoding="UTF-8"?>
<!-- Generated by org.testng.reporters.JUnitReportReporter -->
<testsuite hostname="DESKTOP-KDINAET" failures="0" tests="1" name="com.csg.tau.OpenBrowser" time="14.818" errors="0" timestamp="2021-02-20T11:44:43 IST" skipped="0">
  <testcase classname="com.csg.tau.OpenBrowser" name="startBrowser" time="14.818"/>
  <system-out/>
</testsuite> <!-- com.csg.tau.OpenBrowser -->
