<?xml version="1.0" encoding="UTF-8"?>
<!-- Generated by org.testng.reporters.JUnitReportReporter -->
<testsuite hostname="DESKTOP-KDINAET" failures="0" tests="1" name="com.csg.tau.FirstSelenium" time="41.290" errors="0" timestamp="2021-02-20T11:44:43 IST" skipped="0">
  <testcase classname="com.csg.tau.FirstSelenium" name="startBrowser" time="41.290"/>
  <system-out/>
</testsuite> <!-- com.csg.tau.FirstSelenium -->
