<?xml version="1.0" encoding="UTF-8"?>
<!-- Generated by org.testng.reporters.JUnitReportReporter -->
<testsuite hostname="DESKTOP-KDINAET" failures="0" tests="4" name="com.csg.tau.TestProject.SeleniumJan.multiplemethods" time="0.023" errors="0" timestamp="2021-02-27T11:17:32 IST" skipped="0">
  <testcase classname="com.csg.tau.TestProject.SeleniumJan.multiplemethods" name="vanadana" time="0.001"/>
  <system-out/>
  <testcase classname="com.csg.tau.TestProject.SeleniumJan.multiplemethods" name="priyanka" time="0.018"/>
  <system-out/>
  <testcase classname="com.csg.tau.TestProject.SeleniumJan.multiplemethods" name="paras" time="0.002"/>
  <system-out/>
  <testcase classname="com.csg.tau.TestProject.SeleniumJan.multiplemethods" name="ajay" time="0.002"/>
  <system-out/>
</testsuite> <!-- com.csg.tau.TestProject.SeleniumJan.multiplemethods -->
