<?xml version="1.0" encoding="UTF-8"?>
<!-- Generated by org.testng.reporters.JUnitReportReporter -->
<testsuite hostname="DESKTOP-KDINAET" failures="0" tests="4" name="com.csg.tau.TestProject.SeleniumJan.dependsonTEstNG" time="0.037" errors="0" timestamp="2021-02-27T11:23:18 IST" skipped="0">
  <testcase classname="com.csg.tau.TestProject.SeleniumJan.dependsonTEstNG" name="priyanka" time="0.003"/>
  <system-out/>
  <testcase classname="com.csg.tau.TestProject.SeleniumJan.dependsonTEstNG" name="vanadana" time="0.003"/>
  <system-out/>
  <testcase classname="com.csg.tau.TestProject.SeleniumJan.dependsonTEstNG" name="paras" time="0.026"/>
  <system-out/>
  <testcase classname="com.csg.tau.TestProject.SeleniumJan.dependsonTEstNG" name="ajay" time="0.005"/>
  <system-out/>
</testsuite> <!-- com.csg.tau.TestProject.SeleniumJan.dependsonTEstNG -->
