<?xml version="1.0" encoding="UTF-8"?>
<!-- Generated by org.testng.reporters.JUnitReportReporter -->
<testsuite hostname="DESKTOP-KDINAET" failures="0" tests="1" name="com.csg.tau.TestProject.SeleniumJan.OpenBrowser" time="22.093" errors="0" timestamp="2021-02-27T11:00:09 IST" skipped="0">
  <testcase classname="com.csg.tau.TestProject.SeleniumJan.OpenBrowser" name="startBrowser" time="22.093"/>
  <system-out/>
</testsuite> <!-- com.csg.tau.TestProject.SeleniumJan.OpenBrowser -->
