<?xml version="1.0" encoding="UTF-8"?>
<!-- Generated by org.testng.reporters.JUnitReportReporter -->
<testsuite hostname="DESKTOP-KDINAET" failures="0" tests="1" name="com.csg.tau.TestProject.SeleniumJan.DemoOpenBrowser" time="15.424" errors="0" timestamp="2021-02-27T11:00:09 IST" skipped="0">
  <testcase classname="com.csg.tau.TestProject.SeleniumJan.DemoOpenBrowser" name="homePage" time="15.424"/>
  <system-out/>
</testsuite> <!-- com.csg.tau.TestProject.SeleniumJan.DemoOpenBrowser -->
