<?xml version="1.0" encoding="UTF-8"?>
<!-- Generated by org.testng.reporters.JUnitReportReporter -->
<testsuite hostname="DESKTOP-KDINAET" failures="0" tests="1" name="com.csg.tau.DemoOpenBrowser" time="8.754" errors="0" timestamp="2021-02-20T11:44:43 IST" skipped="0">
  <testcase classname="com.csg.tau.DemoOpenBrowser" name="homePage" time="8.754"/>
  <system-out/>
</testsuite> <!-- com.csg.tau.DemoOpenBrowser -->
