<?xml version="1.0" encoding="UTF-8"?>
<!-- Generated by org.testng.reporters.JUnitReportReporter -->
<testsuite hostname="DESKTOP-KDINAET" failures="0" tests="1" name="com.csg.tau.TestProject.SeleniumJan.DemoAlerts" time="13.072" errors="0" timestamp="2021-02-27T11:00:09 IST" skipped="0">
  <testcase classname="com.csg.tau.TestProject.SeleniumJan.DemoAlerts" name="homepage" time="13.072"/>
  <system-out/>
</testsuite> <!-- com.csg.tau.TestProject.SeleniumJan.DemoAlerts -->
